Current Python: /home/yujinoh/miniconda3/envs/hw3/bin/python
Conda Environments:
device cuda
dataset loaded
Start Time 2025-03-11 19:54:39
Check point saved to memory_2_15_checkpoint_1.pth
Epoch num: 1, Training Loss: 2.0227239510557493
Evaluation Accuracy 0.5387755102040817
Check point saved to memory_2_15_checkpoint_2.pth
Epoch num: 2, Training Loss: 1.5633363572894492
Evaluation Accuracy 0.5346938775510204
Check point saved to memory_2_15_checkpoint_3.pth
Epoch num: 3, Training Loss: 1.4743136866734579
Evaluation Accuracy 0.5489795918367347
Check point saved to memory_2_15_checkpoint_4.pth
Epoch num: 4, Training Loss: 1.4201586031662323
Evaluation Accuracy 0.5523809523809524
Check point saved to memory_2_15_checkpoint_5.pth
Epoch num: 5, Training Loss: 1.3723286557064458
Evaluation Accuracy 0.5578231292517006
Check point saved to memory_2_15_checkpoint_6.pth
Epoch num: 6, Training Loss: 1.3287416570091957
Evaluation Accuracy 0.5727891156462585
Check point saved to memory_2_15_checkpoint_7.pth
Epoch num: 7, Training Loss: 1.2865252591688048
Evaluation Accuracy 0.5782312925170068
Check point saved to memory_2_15_checkpoint_8.pth
Epoch num: 8, Training Loss: 1.245150568171707
Evaluation Accuracy 0.5639455782312925
Check point saved to memory_2_15_checkpoint_9.pth
Epoch num: 9, Training Loss: 1.2032304042696065
Evaluation Accuracy 0.5918367346938775
Check point saved to memory_2_15_checkpoint_10.pth
Epoch num: 10, Training Loss: 1.1597308019920258
Evaluation Accuracy 0.5877551020408164
End Time 2025-03-11 21:43:30
Evaluation ACC: [0.5387755102040817, 0.5346938775510204, 0.5489795918367347, 0.5523809523809524, 0.5578231292517006, 0.5727891156462585, 0.5782312925170068, 0.5639455782312925, 0.5918367346938775, 0.5877551020408164]
